<?xml version="1.0" encoding="UTF-8"?>
<!-- Generated by org.testng.reporters.JUnitReportReporter -->
<testsuite hostname="DESKTOP-0RJKMEL" failures="0" tests="1" name="testUtility.BaseUtility" time="6.848" errors="0" timestamp="2023-11-15T12:32:01 IST" skipped="0">
  <testcase classname="testUtility.BaseUtility" name="launchBrowser" time="6.848"/>
  <system-out/>
</testsuite> <!-- testUtility.BaseUtility -->
