<?xml version="1.0" encoding="UTF-8"?>
<!-- Generated by org.testng.reporters.JUnitReportReporter -->
<testsuite hostname="DESKTOP-0RJKMEL" failures="0" tests="1" name="tests.ForgotPasswordTest" time="15.273" errors="0" timestamp="2023-11-15T14:53:19 IST" skipped="0">
  <testcase classname="tests.ForgotPasswordTest" name="toVerifyForgotPassword" time="15.273"/>
  <system-out/>
</testsuite> <!-- tests.ForgotPasswordTest -->
