<?xml version="1.0" encoding="UTF-8"?>
<!-- Generated by org.testng.reporters.JUnitReportReporter -->
<testsuite hostname="DESKTOP-0RJKMEL" failures="0" tests="1" name="tests.Test1" time="7.659" errors="0" timestamp="2023-11-15T14:28:31 IST" skipped="0">
  <testcase classname="tests.Test1" name="toVerifyForgotPassword" time="7.659"/>
  <system-out/>
</testsuite> <!-- tests.Test1 -->
